[debug] [2018-12-15T13:22:44.291Z] ----------------------------------------------------------------------
[debug] [2018-12-15T13:22:44.293Z] Command:       /Users/3rath/.nvm/versions/node/v8.11.3/bin/node /usr/local/bin/firebase serve --only functions
[debug] [2018-12-15T13:22:44.293Z] CLI Version:   3.19.3
[debug] [2018-12-15T13:22:44.293Z] Platform:      darwin
[debug] [2018-12-15T13:22:44.293Z] Node Version:  v8.11.3
[debug] [2018-12-15T13:22:44.295Z] Time:          Sat Dec 15 2018 20:22:44 GMT+0700 (+07)
[debug] [2018-12-15T13:22:44.295Z] ----------------------------------------------------------------------
[debug] 
[debug] [2018-12-15T13:22:44.315Z] > command requires scopes: ["email","openid","https://www.googleapis.com/auth/cloudplatformprojects.readonly","https://www.googleapis.com/auth/firebase","https://www.googleapis.com/auth/cloud-platform"]
[debug] [2018-12-15T13:22:44.315Z] > authorizing via signed-in user
[debug] [2018-12-15T13:22:44.320Z] >>> HTTP REQUEST GET https://admin.firebase.com/v1/projects/wela-ef490  
  
 Sat Dec 15 2018 20:22:44 GMT+0700 (+07)
[debug] [2018-12-15T13:22:45.526Z] <<< HTTP RESPONSE 200
[debug] [2018-12-15T13:22:45.527Z] >>> HTTP REQUEST GET https://admin.firebase.com/v1/database/wela-ef490/tokens  
  
 Sat Dec 15 2018 20:22:45 GMT+0700 (+07)
[debug] [2018-12-15T13:22:46.387Z] <<< HTTP RESPONSE 200
[debug] [2018-12-15T13:22:46.389Z] >>> HTTP REQUEST GET https://cloudresourcemanager.googleapis.com/v1/projects/wela-ef490  
  
 Sat Dec 15 2018 20:22:46 GMT+0700 (+07)
[debug] [2018-12-15T13:22:47.855Z] <<< HTTP RESPONSE 200
[info] 
[info] === Serving from '/Users/3rath/Me/hackathon'...
[info] 
[info] i  functions: Preparing to emulate functions.
[debug] [2018-12-15T13:22:49.409Z] Fetching environment
[debug] [2018-12-15T13:22:49.411Z] >>> HTTP REQUEST GET https://mobilesdk-pa.googleapis.com/v1/projects/931940110170:getServerAppConfig  
  
 Sat Dec 15 2018 20:22:49 GMT+0700 (+07)
[debug] [2018-12-15T13:22:49.803Z] <<< HTTP RESPONSE 200
[debug] [2018-12-15T13:22:49.804Z] Starting @google-cloud/functions-emulator
[debug] [2018-12-15T13:22:51.370Z] Parsing function triggers
[info] ✔  functions: dialogflowFirebaseFulfillment: http://localhost:5000/wela-ef490/us-central1/dialogflowFirebaseFulfillment
